<?xml version="1.0" encoding="UTF-8" ?>
<testsuites>
  <testsuite errors="0" failures="0" id="0" name="Runner" package="com.paralle.tests" skipped="0" tests="1" time="35.425">
      <properties>
[...]
</properties>

      <testcase classname="com.paralle.tests.Runner" name="testRunner" time="35.425" />

  </testsuite>
  <testsuite errors="0" failures="0" hostname="INsaikrisv.local" id="1" name="Runner" package="com.paralle.tests" tests="1" time="35.424" timestamp="9 Nov 2015 20:10:37 GMT">
      <testcase classname="com.paralle.tests.Runner" name="testRunner" time="35.424" />

  </testsuite>
  <testsuite errors="0" failures="0" hostname="INsaikrisv.local" id="2" name="AddTest" package="com.paralle.tests" tests="1" time="5.230" timestamp="9 Nov 2015 20:10:20 GMT">
      <testcase classname="com.paralle.tests.AddTest" name="addTest" time="5.230" />

  </testsuite>
  <testsuite errors="0" failures="0" hostname="INsaikrisv.local" id="3" name="DivideTest" package="com.paralle.tests" tests="1" time="5.093" timestamp="9 Nov 2015 20:10:20 GMT">
      <testcase classname="com.paralle.tests.DivideTest" name="divideTest" time="5.093" />

  </testsuite>
  <testsuite errors="0" failures="0" hostname="INsaikrisv.local" id="4" name="MinusTest" package="com.paralle.tests" tests="1" time="4.974" timestamp="9 Nov 2015 20:10:37 GMT">
      <testcase classname="com.paralle.tests.MinusTest" name="minusTest" time="4.974" />

  </testsuite>
  <testsuite errors="0" failures="0" hostname="INsaikrisv.local" id="5" name="MultiplyTest" package="com.paralle.tests" tests="1" time="5.124" timestamp="9 Nov 2015 20:10:37 GMT">
      <testcase classname="com.paralle.tests.MultiplyTest" name="multiplyTest" time="5.124" />

  </testsuite>
</testsuites>
