<?xml version="1.0" encoding="UTF-8"?>
<!-- Generated by org.testng.reporters.JUnitXMLReporter -->
<testsuite hostname="INsaikrisv.local" name="Command line test" tests="1" failures="0" timestamp="30 Oct 2015 19:51:56 GMT" time="0.093" errors="0">
  <testcase name="@BeforeClass testopenBroswer" time="0.0" classname="com.paralle.tests.MinusTest">
    <failure type="java.io.IOException" message="Cannot run program &amp;quot;appium&amp;quot;: error=2, No such file or directory">
      <![CDATA[java.io.IOException: Cannot run program "appium": error=2, No such file or directory
	at java.lang.ProcessBuilder.start(ProcessBuilder.java:1048)
	at java.lang.Runtime.exec(Runtime.java:620)
	at java.lang.Runtime.exec(Runtime.java:450)
	at java.lang.Runtime.exec(Runtime.java:347)
	at com.appium.manager.CommandPrompt.runCommand(CommandPrompt.java:22)
	at com.appium.manager.AppiumManager.startAppium(AppiumManager.java:34)
	at com.appium.manager.BaseTest.testopenBroswer(BaseTest.java:49)
	at com.appium.manager.ParallelThread.testRunnerTestNg(ParallelThread.java:69)
	at com.appium.manager.ParallelThread$1.run(ParallelThread.java:42)
	at java.util.concurrent.Executors$RunnableAdapter.call(Executors.java:511)
	at java.util.concurrent.FutureTask.run(FutureTask.java:266)
	at java.util.concurrent.ThreadPoolExecutor.runWorker(ThreadPoolExecutor.java:1142)
	at java.util.concurrent.ThreadPoolExecutor$Worker.run(ThreadPoolExecutor.java:617)
	at java.lang.Thread.run(Thread.java:745)
Caused by: java.io.IOException: error=2, No such file or directory
	at java.lang.UNIXProcess.forkAndExec(Native Method)
	at java.lang.UNIXProcess.<init>(UNIXProcess.java:248)
	at java.lang.ProcessImpl.start(ProcessImpl.java:134)
	at java.lang.ProcessBuilder.start(ProcessBuilder.java:1029)
	... 34 more
... Removed 21 stack frames]]>
    </failure>
  </testcase> <!-- @BeforeClass testopenBroswer -->
  <testcase name="@AfterClass testcloseBrowser" time="0.0" classname="com.paralle.tests.MinusTest">
    <skipped/>
  </testcase> <!-- @AfterClass testcloseBrowser -->
  <testcase name="minusTest" time="0.0" classname="com.paralle.tests.MinusTest">
    <skipped/>
  </testcase> <!-- minusTest -->
</testsuite> <!-- Command line test -->
