<?xml version="1.0" encoding="UTF-8"?>
<testng-results skipped="0" failed="0" total="1" passed="1">
  <reporter-output>
  </reporter-output>
  <suite name="Command line suite" duration-ms="16866" started-at="2015-11-09T20:10:20Z" finished-at="2015-11-09T20:10:37Z">
    <groups>
    </groups>
    <test name="Command line test" duration-ms="16866" started-at="2015-11-09T20:10:20Z" finished-at="2015-11-09T20:10:37Z">
      <class name="com.paralle.tests.MultiplyTest">
        <test-method status="PASS" signature="testopenBroswer()[pri:0, instance:com.paralle.tests.MultiplyTest@19506fbb]" name="testopenBroswer" is-config="true" duration-ms="10913" started-at="2015-11-10T01:40:20Z" finished-at="2015-11-10T01:40:31Z">
          <reporter-output>
          </reporter-output>
        </test-method> <!-- testopenBroswer -->
        <test-method status="PASS" signature="multiplyTest()[pri:0, instance:com.paralle.tests.MultiplyTest@19506fbb]" name="multiplyTest" duration-ms="5124" started-at="2015-11-10T01:40:31Z" finished-at="2015-11-10T01:40:36Z">
          <reporter-output>
          </reporter-output>
        </test-method> <!-- multiplyTest -->
        <test-method status="PASS" signature="testcloseBrowser()[pri:0, instance:com.paralle.tests.MultiplyTest@19506fbb]" name="testcloseBrowser" is-config="true" duration-ms="825" started-at="2015-11-10T01:40:36Z" finished-at="2015-11-10T01:40:37Z">
          <reporter-output>
          </reporter-output>
        </test-method> <!-- testcloseBrowser -->
      </class> <!-- com.paralle.tests.MultiplyTest -->
    </test> <!-- Command line test -->
  </suite> <!-- Command line suite -->
</testng-results>
